Compiling the C compiler identification source file "CMakeCCompilerId.c" failed.
Compiler: /opt/arm-gnu-toolchain/14.2.rel1/bin/arm-none-eabi-gcc 
Build flags: ;-mcpu=cortex-m3;;-Wall;-Wextra;-Wpedantic;-fdata-sections;-ffunction-sections;-mcpu=cortex-m3;;-Wall;-Wextra;-Wpedantic;-fdata-sections;-ffunction-sections;-mcpu=cortex-m3;;-Wall;-Wextra;-Wpedantic;-fdata-sections;-ffunction-sections
Id flags:  

The output was:
1
/opt/arm-gnu-toolchain/14.2.rel1/bin/../lib/gcc/arm-none-eabi/14.2.1/../../../../arm-none-eabi/bin/ld: /opt/arm-gnu-toolchain/14.2.rel1/bin/../lib/gcc/arm-none-eabi/14.2.1/../../../../arm-none-eabi/lib/thumb/v7-m/nofp/libc.a(libc_a-exit.o): in function `exit':
exit.c:(.text.exit+0x14): undefined reference to `_exit'
/opt/arm-gnu-toolchain/14.2.rel1/bin/../lib/gcc/arm-none-eabi/14.2.1/../../../../arm-none-eabi/bin/ld: /opt/arm-gnu-toolchain/14.2.rel1/bin/../lib/gcc/arm-none-eabi/14.2.1/../../../../arm-none-eabi/lib/thumb/v7-m/nofp/libc.a(libc_a-closer.o): in function `_close_r':
closer.c:(.text._close_r+0xc): undefined reference to `_close'
/opt/arm-gnu-toolchain/14.2.rel1/bin/../lib/gcc/arm-none-eabi/14.2.1/../../../../arm-none-eabi/bin/ld: /opt/arm-gnu-toolchain/14.2.rel1/bin/../lib/gcc/arm-none-eabi/14.2.1/../../../../arm-none-eabi/lib/thumb/v7-m/nofp/libc.a(libc_a-lseekr.o): in function `_lseek_r':
lseekr.c:(.text._lseek_r+0x14): undefined reference to `_lseek'
/opt/arm-gnu-toolchain/14.2.rel1/bin/../lib/gcc/arm-none-eabi/14.2.1/../../../../arm-none-eabi/bin/ld: /opt/arm-gnu-toolchain/14.2.rel1/bin/../lib/gcc/arm-none-eabi/14.2.1/../../../../arm-none-eabi/lib/thumb/v7-m/nofp/libc.a(libc_a-readr.o): in function `_read_r':
readr.c:(.text._read_r+0x14): undefined reference to `_read'
/opt/arm-gnu-toolchain/14.2.rel1/bin/../lib/gcc/arm-none-eabi/14.2.1/../../../../arm-none-eabi/bin/ld: /opt/arm-gnu-toolchain/14.2.rel1/bin/../lib/gcc/arm-none-eabi/14.2.1/../../../../arm-none-eabi/lib/thumb/v7-m/nofp/libc.a(libc_a-writer.o): in function `_write_r':
writer.c:(.text._write_r+0x14): undefined reference to `_write'
/opt/arm-gnu-toolchain/14.2.rel1/bin/../lib/gcc/arm-none-eabi/14.2.1/../../../../arm-none-eabi/bin/ld: /opt/arm-gnu-toolchain/14.2.rel1/bin/../lib/gcc/arm-none-eabi/14.2.1/../../../../arm-none-eabi/lib/thumb/v7-m/nofp/libc.a(libc_a-sbrkr.o): in function `_sbrk_r':
sbrkr.c:(.text._sbrk_r+0xc): undefined reference to `_sbrk'
collect2: error: ld returned 1 exit status


Compiling the CXX compiler identification source file "CMakeCXXCompilerId.cpp" failed.
Compiler: /opt/arm-gnu-toolchain/14.2.rel1/bin/arm-none-eabi-g++ 
Build flags: ;-mcpu=cortex-m3;;-Wall;-Wextra;-Wpedantic;-fdata-sections;-ffunction-sections;-mcpu=cortex-m3;;-Wall;-Wextra;-Wpedantic;-fdata-sections;-ffunction-sections;-mcpu=cortex-m3;;-Wall;-Wextra;-Wpedantic;-fdata-sections;-ffunction-sections;-fno-rtti;-fno-exceptions;-fno-threadsafe-statics
Id flags:  

The output was:
1
/opt/arm-gnu-toolchain/14.2.rel1/bin/../lib/gcc/arm-none-eabi/14.2.1/../../../../arm-none-eabi/bin/ld: /opt/arm-gnu-toolchain/14.2.rel1/bin/../lib/gcc/arm-none-eabi/14.2.1/../../../../arm-none-eabi/lib/thumb/v7-m/nofp/libc.a(libc_a-exit.o): in function `exit':
exit.c:(.text.exit+0x14): undefined reference to `_exit'
/opt/arm-gnu-toolchain/14.2.rel1/bin/../lib/gcc/arm-none-eabi/14.2.1/../../../../arm-none-eabi/bin/ld: /opt/arm-gnu-toolchain/14.2.rel1/bin/../lib/gcc/arm-none-eabi/14.2.1/../../../../arm-none-eabi/lib/thumb/v7-m/nofp/libc.a(libc_a-closer.o): in function `_close_r':
closer.c:(.text._close_r+0xc): undefined reference to `_close'
/opt/arm-gnu-toolchain/14.2.rel1/bin/../lib/gcc/arm-none-eabi/14.2.1/../../../../arm-none-eabi/bin/ld: /opt/arm-gnu-toolchain/14.2.rel1/bin/../lib/gcc/arm-none-eabi/14.2.1/../../../../arm-none-eabi/lib/thumb/v7-m/nofp/libc.a(libc_a-lseekr.o): in function `_lseek_r':
lseekr.c:(.text._lseek_r+0x14): undefined reference to `_lseek'
/opt/arm-gnu-toolchain/14.2.rel1/bin/../lib/gcc/arm-none-eabi/14.2.1/../../../../arm-none-eabi/bin/ld: /opt/arm-gnu-toolchain/14.2.rel1/bin/../lib/gcc/arm-none-eabi/14.2.1/../../../../arm-none-eabi/lib/thumb/v7-m/nofp/libc.a(libc_a-readr.o): in function `_read_r':
readr.c:(.text._read_r+0x14): undefined reference to `_read'
/opt/arm-gnu-toolchain/14.2.rel1/bin/../lib/gcc/arm-none-eabi/14.2.1/../../../../arm-none-eabi/bin/ld: /opt/arm-gnu-toolchain/14.2.rel1/bin/../lib/gcc/arm-none-eabi/14.2.1/../../../../arm-none-eabi/lib/thumb/v7-m/nofp/libc.a(libc_a-writer.o): in function `_write_r':
writer.c:(.text._write_r+0x14): undefined reference to `_write'
/opt/arm-gnu-toolchain/14.2.rel1/bin/../lib/gcc/arm-none-eabi/14.2.1/../../../../arm-none-eabi/bin/ld: /opt/arm-gnu-toolchain/14.2.rel1/bin/../lib/gcc/arm-none-eabi/14.2.1/../../../../arm-none-eabi/lib/thumb/v7-m/nofp/libc.a(libc_a-sbrkr.o): in function `_sbrk_r':
sbrkr.c:(.text._sbrk_r+0xc): undefined reference to `_sbrk'
collect2: error: ld returned 1 exit status


