The target system is: Generic -  - arm
The host system is: Linux - 6.8.0-87-generic - x86_64
Compiling the C compiler identification source file "CMakeCCompilerId.c" succeeded.
Compiler: /opt/arm-gnu-toolchain/14.2.rel1/bin/arm-none-eabi-gcc 
Build flags: ;-mcpu=cortex-m3;;-Wall;-Wextra;-Wpedantic;-fdata-sections;-ffunction-sections;-mcpu=cortex-m3;;-Wall;-Wextra;-Wpedantic;-fdata-sections;-ffunction-sections;-mcpu=cortex-m3;;-Wall;-Wextra;-Wpedantic;-fdata-sections;-ffunction-sections
Id flags: -c 

The output was:
0


Compilation of the C compiler identification source "CMakeCCompilerId.c" produced "CMakeCCompilerId.o"

The C compiler identification is GNU, found in "/home/tngduy/Pictures/Project_Nhung/build/CMakeFiles/3.22.1/CompilerIdC/CMakeCCompilerId.o"

Compiling the CXX compiler identification source file "CMakeCXXCompilerId.cpp" succeeded.
Compiler: /opt/arm-gnu-toolchain/14.2.rel1/bin/arm-none-eabi-g++ 
Build flags: ;-mcpu=cortex-m3;;-Wall;-Wextra;-Wpedantic;-fdata-sections;-ffunction-sections;-mcpu=cortex-m3;;-Wall;-Wextra;-Wpedantic;-fdata-sections;-ffunction-sections;-mcpu=cortex-m3;;-Wall;-Wextra;-Wpedantic;-fdata-sections;-ffunction-sections;-fno-rtti;-fno-exceptions;-fno-threadsafe-statics
Id flags: -c 

The output was:
0


Compilation of the CXX compiler identification source "CMakeCXXCompilerId.cpp" produced "CMakeCXXCompilerId.o"

The CXX compiler identification is GNU, found in "/home/tngduy/Pictures/Project_Nhung/build/CMakeFiles/3.22.1/CompilerIdCXX/CMakeCXXCompilerId.o"

Detecting C compiler ABI info compiled with the following output:
Change Dir: /home/tngduy/Pictures/Project_Nhung/build/CMakeFiles/CMakeTmp

Run Build Command(s):/usr/bin/ninja cmTC_e0b13 && [1/2] Building C object CMakeFiles/cmTC_e0b13.dir/CMakeCCompilerABI.c.obj
Using built-in specs.
COLLECT_GCC=/opt/arm-gnu-toolchain/14.2.rel1/bin/arm-none-eabi-gcc
Target: arm-none-eabi
Configured with: /data/jenkins/workspace/GNU-toolchain/arm-14/src/gcc/configure --target=arm-none-eabi --prefix=/data/jenkins/workspace/GNU-toolchain/arm-14/build-arm-none-eabi/install --with-gmp=/data/jenkins/workspace/GNU-toolchain/arm-14/build-arm-none-eabi/host-tools --with-mpfr=/data/jenkins/workspace/GNU-toolchain/arm-14/build-arm-none-eabi/host-tools --with-mpc=/data/jenkins/workspace/GNU-toolchain/arm-14/build-arm-none-eabi/host-tools --with-isl=/data/jenkins/workspace/GNU-toolchain/arm-14/build-arm-none-eabi/host-tools --disable-shared --disable-nls --disable-threads --disable-tls --enable-checking=release --enable-languages=c,c++,fortran --with-newlib --with-gnu-as --with-headers=yes --with-gnu-ld --with-native-system-header-dir=/include --with-sysroot=/data/jenkins/workspace/GNU-toolchain/arm-14/build-arm-none-eabi/install/arm-none-eabi --with-bugurl=https://bugs.linaro.org/ --with-multilib-list=aprofile,rmprofile --with-pkgversion='Arm GNU Toolchain 14.2.Rel1 (Build arm-14.52)'
Thread model: single
Supported LTO compression algorithms: zlib zstd
gcc version 14.2.1 20241119 (Arm GNU Toolchain 14.2.Rel1 (Build arm-14.52)) 
COLLECT_GCC_OPTIONS='-mcpu=cortex-m3' '-Wall' '-Wextra' '-Wpedantic' '-fdata-sections' '-ffunction-sections' '-v' '-std=gnu11' '-o' 'CMakeFiles/cmTC_e0b13.dir/CMakeCCompilerABI.c.obj' '-c' '-mfloat-abi=soft' '-mthumb' '-mlibarch=armv7-m' '-march=armv7-m' '-dumpdir' 'CMakeFiles/cmTC_e0b13.dir/'
 /opt/arm-gnu-toolchain/14.2.rel1/bin/../libexec/gcc/arm-none-eabi/14.2.1/cc1 -quiet -v -imultilib thumb/v7-m/nofp -iprefix /opt/arm-gnu-toolchain/14.2.rel1/bin/../lib/gcc/arm-none-eabi/14.2.1/ -isysroot /opt/arm-gnu-toolchain/14.2.rel1/bin/../arm-none-eabi -D__USES_INITFINI__ /usr/share/cmake-3.22/Modules/CMakeCCompilerABI.c -quiet -dumpdir CMakeFiles/cmTC_e0b13.dir/ -dumpbase CMakeCCompilerABI.c.c -dumpbase-ext .c -mcpu=cortex-m3 -mfloat-abi=soft -mthumb -mlibarch=armv7-m -march=armv7-m -Wall -Wextra -Wpedantic -std=gnu11 -version -fdata-sections -ffunction-sections -o /tmp/cckbQSdq.s
GNU C11 (Arm GNU Toolchain 14.2.Rel1 (Build arm-14.52)) version 14.2.1 20241119 (arm-none-eabi)
	compiled by GNU C version 9.2.1 20191120 (Red Hat 9.2.1-2), GMP version 6.2.1, MPFR version 3.1.6, MPC version 1.0.3, isl version isl-0.15-1-g835ea3a-GMP

GGC heuristics: --param ggc-min-expand=100 --param ggc-min-heapsize=131072
ignoring duplicate directory "/opt/arm-gnu-toolchain/14.2.rel1/bin/../lib/gcc/../../lib/gcc/arm-none-eabi/14.2.1/include"
ignoring nonexistent directory "/opt/arm-gnu-toolchain/14.2.rel1/bin/../arm-none-eabi/usr/local/include"
ignoring duplicate directory "/opt/arm-gnu-toolchain/14.2.rel1/bin/../lib/gcc/../../lib/gcc/arm-none-eabi/14.2.1/include-fixed"
ignoring duplicate directory "/opt/arm-gnu-toolchain/14.2.rel1/bin/../lib/gcc/../../lib/gcc/arm-none-eabi/14.2.1/../../../../arm-none-eabi/include"
ignoring duplicate directory "/opt/arm-gnu-toolchain/14.2.rel1/bin/../arm-none-eabi/include"
#include "..." search starts here:
#include <...> search starts here:
 /opt/arm-gnu-toolchain/14.2.rel1/bin/../lib/gcc/arm-none-eabi/14.2.1/include
 /opt/arm-gnu-toolchain/14.2.rel1/bin/../lib/gcc/arm-none-eabi/14.2.1/include-fixed
 /opt/arm-gnu-toolchain/14.2.rel1/bin/../lib/gcc/arm-none-eabi/14.2.1/../../../../arm-none-eabi/include
End of search list.
Compiler executable checksum: e89038eedc6170daa7e4ecd67cd2deb0
COLLECT_GCC_OPTIONS='-mcpu=cortex-m3' '-Wall' '-Wextra' '-Wpedantic' '-fdata-sections' '-ffunction-sections' '-v' '-std=gnu11' '-o' 'CMakeFiles/cmTC_e0b13.dir/CMakeCCompilerABI.c.obj' '-c' '-mfloat-abi=soft' '-mthumb' '-mlibarch=armv7-m' '-march=armv7-m' '-dumpdir' 'CMakeFiles/cmTC_e0b13.dir/'
 /opt/arm-gnu-toolchain/14.2.rel1/bin/../lib/gcc/arm-none-eabi/14.2.1/../../../../arm-none-eabi/bin/as -v -march=armv7-m -mfloat-abi=soft -meabi=5 -o CMakeFiles/cmTC_e0b13.dir/CMakeCCompilerABI.c.obj /tmp/cckbQSdq.s
GNU assembler version 2.43.1 (arm-none-eabi) using BFD version (Arm GNU Toolchain 14.2.Rel1 (Build arm-14.52)) 2.43.1.20241119
COMPILER_PATH=/opt/arm-gnu-toolchain/14.2.rel1/bin/../libexec/gcc/arm-none-eabi/14.2.1/:/opt/arm-gnu-toolchain/14.2.rel1/bin/../libexec/gcc/:/opt/arm-gnu-toolchain/14.2.rel1/bin/../lib/gcc/arm-none-eabi/14.2.1/../../../../arm-none-eabi/bin/
LIBRARY_PATH=/opt/arm-gnu-toolchain/14.2.rel1/bin/../lib/gcc/arm-none-eabi/14.2.1/thumb/v7-m/nofp/:/opt/arm-gnu-toolchain/14.2.rel1/bin/../lib/gcc/arm-none-eabi/14.2.1/../../../../arm-none-eabi/lib/thumb/v7-m/nofp/:/opt/arm-gnu-toolchain/14.2.rel1/bin/../arm-none-eabi/lib/thumb/v7-m/nofp/:/opt/arm-gnu-toolchain/14.2.rel1/bin/../lib/gcc/arm-none-eabi/14.2.1/:/opt/arm-gnu-toolchain/14.2.rel1/bin/../lib/gcc/:/opt/arm-gnu-toolchain/14.2.rel1/bin/../lib/gcc/arm-none-eabi/14.2.1/../../../../arm-none-eabi/lib/:/opt/arm-gnu-toolchain/14.2.rel1/bin/../arm-none-eabi/lib/
COLLECT_GCC_OPTIONS='-mcpu=cortex-m3' '-Wall' '-Wextra' '-Wpedantic' '-fdata-sections' '-ffunction-sections' '-v' '-std=gnu11' '-o' 'CMakeFiles/cmTC_e0b13.dir/CMakeCCompilerABI.c.obj' '-c' '-mfloat-abi=soft' '-mthumb' '-mlibarch=armv7-m' '-march=armv7-m' '-dumpdir' 'CMakeFiles/cmTC_e0b13.dir/CMakeCCompilerABI.c.'
[2/2] Linking C static library libcmTC_e0b13.a



Parsed C implicit include dir info from above output: rv=done
  found start of include info
  found start of implicit include info
    add: [/opt/arm-gnu-toolchain/14.2.rel1/bin/../lib/gcc/arm-none-eabi/14.2.1/include]
    add: [/opt/arm-gnu-toolchain/14.2.rel1/bin/../lib/gcc/arm-none-eabi/14.2.1/include-fixed]
    add: [/opt/arm-gnu-toolchain/14.2.rel1/bin/../lib/gcc/arm-none-eabi/14.2.1/../../../../arm-none-eabi/include]
  end of search list found
  collapse include dir [/opt/arm-gnu-toolchain/14.2.rel1/bin/../lib/gcc/arm-none-eabi/14.2.1/include] ==> [/opt/arm-gnu-toolchain/14.2.rel1/lib/gcc/arm-none-eabi/14.2.1/include]
  collapse include dir [/opt/arm-gnu-toolchain/14.2.rel1/bin/../lib/gcc/arm-none-eabi/14.2.1/include-fixed] ==> [/opt/arm-gnu-toolchain/14.2.rel1/lib/gcc/arm-none-eabi/14.2.1/include-fixed]
  collapse include dir [/opt/arm-gnu-toolchain/14.2.rel1/bin/../lib/gcc/arm-none-eabi/14.2.1/../../../../arm-none-eabi/include] ==> [/opt/arm-gnu-toolchain/14.2.rel1/arm-none-eabi/include]
  implicit include dirs: [/opt/arm-gnu-toolchain/14.2.rel1/lib/gcc/arm-none-eabi/14.2.1/include;/opt/arm-gnu-toolchain/14.2.rel1/lib/gcc/arm-none-eabi/14.2.1/include-fixed;/opt/arm-gnu-toolchain/14.2.rel1/arm-none-eabi/include]


Parsed C implicit link information from above output:
  link line regex: [^( *|.*[/\])(arm-none-eabi-g\+\+|CMAKE_LINK_STARTFILE-NOTFOUND|([^/\]+-)?ld|collect2)[^/\]*( |$)]
  ignore line: [Change Dir: /home/tngduy/Pictures/Project_Nhung/build/CMakeFiles/CMakeTmp]
  ignore line: []
  ignore line: [Run Build Command(s):/usr/bin/ninja cmTC_e0b13 && [1/2] Building C object CMakeFiles/cmTC_e0b13.dir/CMakeCCompilerABI.c.obj]
  ignore line: [Using built-in specs.]
  ignore line: [COLLECT_GCC=/opt/arm-gnu-toolchain/14.2.rel1/bin/arm-none-eabi-gcc]
  ignore line: [Target: arm-none-eabi]
  ignore line: [Configured with: /data/jenkins/workspace/GNU-toolchain/arm-14/src/gcc/configure --target=arm-none-eabi --prefix=/data/jenkins/workspace/GNU-toolchain/arm-14/build-arm-none-eabi/install --with-gmp=/data/jenkins/workspace/GNU-toolchain/arm-14/build-arm-none-eabi/host-tools --with-mpfr=/data/jenkins/workspace/GNU-toolchain/arm-14/build-arm-none-eabi/host-tools --with-mpc=/data/jenkins/workspace/GNU-toolchain/arm-14/build-arm-none-eabi/host-tools --with-isl=/data/jenkins/workspace/GNU-toolchain/arm-14/build-arm-none-eabi/host-tools --disable-shared --disable-nls --disable-threads --disable-tls --enable-checking=release --enable-languages=c,c++,fortran --with-newlib --with-gnu-as --with-headers=yes --with-gnu-ld --with-native-system-header-dir=/include --with-sysroot=/data/jenkins/workspace/GNU-toolchain/arm-14/build-arm-none-eabi/install/arm-none-eabi --with-bugurl=https://bugs.linaro.org/ --with-multilib-list=aprofile,rmprofile --with-pkgversion='Arm GNU Toolchain 14.2.Rel1 (Build arm-14.52)']
  ignore line: [Thread model: single]
  ignore line: [Supported LTO compression algorithms: zlib zstd]
  ignore line: [gcc version 14.2.1 20241119 (Arm GNU Toolchain 14.2.Rel1 (Build arm-14.52)) ]
  ignore line: [COLLECT_GCC_OPTIONS='-mcpu=cortex-m3' '-Wall' '-Wextra' '-Wpedantic' '-fdata-sections' '-ffunction-sections' '-v' '-std=gnu11' '-o' 'CMakeFiles/cmTC_e0b13.dir/CMakeCCompilerABI.c.obj' '-c' '-mfloat-abi=soft' '-mthumb' '-mlibarch=armv7-m' '-march=armv7-m' '-dumpdir' 'CMakeFiles/cmTC_e0b13.dir/']
  ignore line: [ /opt/arm-gnu-toolchain/14.2.rel1/bin/../libexec/gcc/arm-none-eabi/14.2.1/cc1 -quiet -v -imultilib thumb/v7-m/nofp -iprefix /opt/arm-gnu-toolchain/14.2.rel1/bin/../lib/gcc/arm-none-eabi/14.2.1/ -isysroot /opt/arm-gnu-toolchain/14.2.rel1/bin/../arm-none-eabi -D__USES_INITFINI__ /usr/share/cmake-3.22/Modules/CMakeCCompilerABI.c -quiet -dumpdir CMakeFiles/cmTC_e0b13.dir/ -dumpbase CMakeCCompilerABI.c.c -dumpbase-ext .c -mcpu=cortex-m3 -mfloat-abi=soft -mthumb -mlibarch=armv7-m -march=armv7-m -Wall -Wextra -Wpedantic -std=gnu11 -version -fdata-sections -ffunction-sections -o /tmp/cckbQSdq.s]
  ignore line: [GNU C11 (Arm GNU Toolchain 14.2.Rel1 (Build arm-14.52)) version 14.2.1 20241119 (arm-none-eabi)]
  ignore line: [	compiled by GNU C version 9.2.1 20191120 (Red Hat 9.2.1-2)  GMP version 6.2.1  MPFR version 3.1.6  MPC version 1.0.3  isl version isl-0.15-1-g835ea3a-GMP]
  ignore line: []
  ignore line: [GGC heuristics: --param ggc-min-expand=100 --param ggc-min-heapsize=131072]
  ignore line: [ignoring duplicate directory "/opt/arm-gnu-toolchain/14.2.rel1/bin/../lib/gcc/../../lib/gcc/arm-none-eabi/14.2.1/include"]
  ignore line: [ignoring nonexistent directory "/opt/arm-gnu-toolchain/14.2.rel1/bin/../arm-none-eabi/usr/local/include"]
  ignore line: [ignoring duplicate directory "/opt/arm-gnu-toolchain/14.2.rel1/bin/../lib/gcc/../../lib/gcc/arm-none-eabi/14.2.1/include-fixed"]
  ignore line: [ignoring duplicate directory "/opt/arm-gnu-toolchain/14.2.rel1/bin/../lib/gcc/../../lib/gcc/arm-none-eabi/14.2.1/../../../../arm-none-eabi/include"]
  ignore line: [ignoring duplicate directory "/opt/arm-gnu-toolchain/14.2.rel1/bin/../arm-none-eabi/include"]
  ignore line: [#include "..." search starts here:]
  ignore line: [#include <...> search starts here:]
  ignore line: [ /opt/arm-gnu-toolchain/14.2.rel1/bin/../lib/gcc/arm-none-eabi/14.2.1/include]
  ignore line: [ /opt/arm-gnu-toolchain/14.2.rel1/bin/../lib/gcc/arm-none-eabi/14.2.1/include-fixed]
  ignore line: [ /opt/arm-gnu-toolchain/14.2.rel1/bin/../lib/gcc/arm-none-eabi/14.2.1/../../../../arm-none-eabi/include]
  ignore line: [End of search list.]
  ignore line: [Compiler executable checksum: e89038eedc6170daa7e4ecd67cd2deb0]
  ignore line: [COLLECT_GCC_OPTIONS='-mcpu=cortex-m3' '-Wall' '-Wextra' '-Wpedantic' '-fdata-sections' '-ffunction-sections' '-v' '-std=gnu11' '-o' 'CMakeFiles/cmTC_e0b13.dir/CMakeCCompilerABI.c.obj' '-c' '-mfloat-abi=soft' '-mthumb' '-mlibarch=armv7-m' '-march=armv7-m' '-dumpdir' 'CMakeFiles/cmTC_e0b13.dir/']
  ignore line: [ /opt/arm-gnu-toolchain/14.2.rel1/bin/../lib/gcc/arm-none-eabi/14.2.1/../../../../arm-none-eabi/bin/as -v -march=armv7-m -mfloat-abi=soft -meabi=5 -o CMakeFiles/cmTC_e0b13.dir/CMakeCCompilerABI.c.obj /tmp/cckbQSdq.s]
  ignore line: [GNU assembler version 2.43.1 (arm-none-eabi) using BFD version (Arm GNU Toolchain 14.2.Rel1 (Build arm-14.52)) 2.43.1.20241119]
  ignore line: [COMPILER_PATH=/opt/arm-gnu-toolchain/14.2.rel1/bin/../libexec/gcc/arm-none-eabi/14.2.1/:/opt/arm-gnu-toolchain/14.2.rel1/bin/../libexec/gcc/:/opt/arm-gnu-toolchain/14.2.rel1/bin/../lib/gcc/arm-none-eabi/14.2.1/../../../../arm-none-eabi/bin/]
  ignore line: [LIBRARY_PATH=/opt/arm-gnu-toolchain/14.2.rel1/bin/../lib/gcc/arm-none-eabi/14.2.1/thumb/v7-m/nofp/:/opt/arm-gnu-toolchain/14.2.rel1/bin/../lib/gcc/arm-none-eabi/14.2.1/../../../../arm-none-eabi/lib/thumb/v7-m/nofp/:/opt/arm-gnu-toolchain/14.2.rel1/bin/../arm-none-eabi/lib/thumb/v7-m/nofp/:/opt/arm-gnu-toolchain/14.2.rel1/bin/../lib/gcc/arm-none-eabi/14.2.1/:/opt/arm-gnu-toolchain/14.2.rel1/bin/../lib/gcc/:/opt/arm-gnu-toolchain/14.2.rel1/bin/../lib/gcc/arm-none-eabi/14.2.1/../../../../arm-none-eabi/lib/:/opt/arm-gnu-toolchain/14.2.rel1/bin/../arm-none-eabi/lib/]
  ignore line: [COLLECT_GCC_OPTIONS='-mcpu=cortex-m3' '-Wall' '-Wextra' '-Wpedantic' '-fdata-sections' '-ffunction-sections' '-v' '-std=gnu11' '-o' 'CMakeFiles/cmTC_e0b13.dir/CMakeCCompilerABI.c.obj' '-c' '-mfloat-abi=soft' '-mthumb' '-mlibarch=armv7-m' '-march=armv7-m' '-dumpdir' 'CMakeFiles/cmTC_e0b13.dir/CMakeCCompilerABI.c.']
  ignore line: [[2/2] Linking C static library libcmTC_e0b13.a]
  ignore line: []
  ignore line: []
  implicit libs: []
  implicit objs: []
  implicit dirs: []
  implicit fwks: []


Detecting CXX compiler ABI info compiled with the following output:
Change Dir: /home/tngduy/Pictures/Project_Nhung/build/CMakeFiles/CMakeTmp

Run Build Command(s):/usr/bin/ninja cmTC_81148 && [1/2] Building CXX object CMakeFiles/cmTC_81148.dir/CMakeCXXCompilerABI.cpp.obj
Using built-in specs.
COLLECT_GCC=/opt/arm-gnu-toolchain/14.2.rel1/bin/arm-none-eabi-g++
Target: arm-none-eabi
Configured with: /data/jenkins/workspace/GNU-toolchain/arm-14/src/gcc/configure --target=arm-none-eabi --prefix=/data/jenkins/workspace/GNU-toolchain/arm-14/build-arm-none-eabi/install --with-gmp=/data/jenkins/workspace/GNU-toolchain/arm-14/build-arm-none-eabi/host-tools --with-mpfr=/data/jenkins/workspace/GNU-toolchain/arm-14/build-arm-none-eabi/host-tools --with-mpc=/data/jenkins/workspace/GNU-toolchain/arm-14/build-arm-none-eabi/host-tools --with-isl=/data/jenkins/workspace/GNU-toolchain/arm-14/build-arm-none-eabi/host-tools --disable-shared --disable-nls --disable-threads --disable-tls --enable-checking=release --enable-languages=c,c++,fortran --with-newlib --with-gnu-as --with-headers=yes --with-gnu-ld --with-native-system-header-dir=/include --with-sysroot=/data/jenkins/workspace/GNU-toolchain/arm-14/build-arm-none-eabi/install/arm-none-eabi --with-bugurl=https://bugs.linaro.org/ --with-multilib-list=aprofile,rmprofile --with-pkgversion='Arm GNU Toolchain 14.2.Rel1 (Build arm-14.52)'
Thread model: single
Supported LTO compression algorithms: zlib zstd
gcc version 14.2.1 20241119 (Arm GNU Toolchain 14.2.Rel1 (Build arm-14.52)) 
COLLECT_GCC_OPTIONS='-mcpu=cortex-m3' '-Wall' '-Wextra' '-Wpedantic' '-fdata-sections' '-ffunction-sections' '-fno-rtti' '-fno-exceptions' '-fno-threadsafe-statics' '-v' '-o' 'CMakeFiles/cmTC_81148.dir/CMakeCXXCompilerABI.cpp.obj' '-c' '-mfloat-abi=soft' '-mthumb' '-mlibarch=armv7-m' '-march=armv7-m' '-dumpdir' 'CMakeFiles/cmTC_81148.dir/'
 /opt/arm-gnu-toolchain/14.2.rel1/bin/../libexec/gcc/arm-none-eabi/14.2.1/cc1plus -quiet -v -imultilib thumb/v7-m/nofp -iprefix /opt/arm-gnu-toolchain/14.2.rel1/bin/../lib/gcc/arm-none-eabi/14.2.1/ -isysroot /opt/arm-gnu-toolchain/14.2.rel1/bin/../arm-none-eabi -D__USES_INITFINI__ /usr/share/cmake-3.22/Modules/CMakeCXXCompilerABI.cpp -quiet -dumpdir CMakeFiles/cmTC_81148.dir/ -dumpbase CMakeCXXCompilerABI.cpp.cpp -dumpbase-ext .cpp -mcpu=cortex-m3 -mfloat-abi=soft -mthumb -mlibarch=armv7-m -march=armv7-m -Wall -Wextra -Wpedantic -version -fdata-sections -ffunction-sections -fno-rtti -fno-exceptions -fno-threadsafe-statics -o /tmp/ccj0HrLj.s
GNU C++17 (Arm GNU Toolchain 14.2.Rel1 (Build arm-14.52)) version 14.2.1 20241119 (arm-none-eabi)
	compiled by GNU C version 9.2.1 20191120 (Red Hat 9.2.1-2), GMP version 6.2.1, MPFR version 3.1.6, MPC version 1.0.3, isl version isl-0.15-1-g835ea3a-GMP

GGC heuristics: --param ggc-min-expand=100 --param ggc-min-heapsize=131072
ignoring duplicate directory "/opt/arm-gnu-toolchain/14.2.rel1/bin/../lib/gcc/../../lib/gcc/arm-none-eabi/14.2.1/../../../../arm-none-eabi/include/c++/14.2.1"
ignoring duplicate directory "/opt/arm-gnu-toolchain/14.2.rel1/bin/../lib/gcc/../../lib/gcc/arm-none-eabi/14.2.1/../../../../arm-none-eabi/include/c++/14.2.1/arm-none-eabi/thumb/v7-m/nofp"
ignoring duplicate directory "/opt/arm-gnu-toolchain/14.2.rel1/bin/../lib/gcc/../../lib/gcc/arm-none-eabi/14.2.1/../../../../arm-none-eabi/include/c++/14.2.1/backward"
ignoring duplicate directory "/opt/arm-gnu-toolchain/14.2.rel1/bin/../lib/gcc/../../lib/gcc/arm-none-eabi/14.2.1/include"
ignoring nonexistent directory "/opt/arm-gnu-toolchain/14.2.rel1/bin/../arm-none-eabi/usr/local/include"
ignoring duplicate directory "/opt/arm-gnu-toolchain/14.2.rel1/bin/../lib/gcc/../../lib/gcc/arm-none-eabi/14.2.1/include-fixed"
ignoring duplicate directory "/opt/arm-gnu-toolchain/14.2.rel1/bin/../lib/gcc/../../lib/gcc/arm-none-eabi/14.2.1/../../../../arm-none-eabi/include"
ignoring duplicate directory "/opt/arm-gnu-toolchain/14.2.rel1/bin/../arm-none-eabi/include"
#include "..." search starts here:
#include <...> search starts here:
 /opt/arm-gnu-toolchain/14.2.rel1/bin/../lib/gcc/arm-none-eabi/14.2.1/../../../../arm-none-eabi/include/c++/14.2.1
 /opt/arm-gnu-toolchain/14.2.rel1/bin/../lib/gcc/arm-none-eabi/14.2.1/../../../../arm-none-eabi/include/c++/14.2.1/arm-none-eabi/thumb/v7-m/nofp
 /opt/arm-gnu-toolchain/14.2.rel1/bin/../lib/gcc/arm-none-eabi/14.2.1/../../../../arm-none-eabi/include/c++/14.2.1/backward
 /opt/arm-gnu-toolchain/14.2.rel1/bin/../lib/gcc/arm-none-eabi/14.2.1/include
 /opt/arm-gnu-toolchain/14.2.rel1/bin/../lib/gcc/arm-none-eabi/14.2.1/include-fixed
 /opt/arm-gnu-toolchain/14.2.rel1/bin/../lib/gcc/arm-none-eabi/14.2.1/../../../../arm-none-eabi/include
End of search list.
Compiler executable checksum: 761a3593099dc796ffc611563edb6c2e
COLLECT_GCC_OPTIONS='-mcpu=cortex-m3' '-Wall' '-Wextra' '-Wpedantic' '-fdata-sections' '-ffunction-sections' '-fno-rtti' '-fno-exceptions' '-fno-threadsafe-statics' '-v' '-o' 'CMakeFiles/cmTC_81148.dir/CMakeCXXCompilerABI.cpp.obj' '-c' '-mfloat-abi=soft' '-mthumb' '-mlibarch=armv7-m' '-march=armv7-m' '-dumpdir' 'CMakeFiles/cmTC_81148.dir/'
 /opt/arm-gnu-toolchain/14.2.rel1/bin/../lib/gcc/arm-none-eabi/14.2.1/../../../../arm-none-eabi/bin/as -v -march=armv7-m -mfloat-abi=soft -meabi=5 -o CMakeFiles/cmTC_81148.dir/CMakeCXXCompilerABI.cpp.obj /tmp/ccj0HrLj.s
GNU assembler version 2.43.1 (arm-none-eabi) using BFD version (Arm GNU Toolchain 14.2.Rel1 (Build arm-14.52)) 2.43.1.20241119
COMPILER_PATH=/opt/arm-gnu-toolchain/14.2.rel1/bin/../libexec/gcc/arm-none-eabi/14.2.1/:/opt/arm-gnu-toolchain/14.2.rel1/bin/../libexec/gcc/:/opt/arm-gnu-toolchain/14.2.rel1/bin/../lib/gcc/arm-none-eabi/14.2.1/../../../../arm-none-eabi/bin/
LIBRARY_PATH=/opt/arm-gnu-toolchain/14.2.rel1/bin/../lib/gcc/arm-none-eabi/14.2.1/thumb/v7-m/nofp/:/opt/arm-gnu-toolchain/14.2.rel1/bin/../lib/gcc/arm-none-eabi/14.2.1/../../../../arm-none-eabi/lib/thumb/v7-m/nofp/:/opt/arm-gnu-toolchain/14.2.rel1/bin/../arm-none-eabi/lib/thumb/v7-m/nofp/:/opt/arm-gnu-toolchain/14.2.rel1/bin/../lib/gcc/arm-none-eabi/14.2.1/:/opt/arm-gnu-toolchain/14.2.rel1/bin/../lib/gcc/:/opt/arm-gnu-toolchain/14.2.rel1/bin/../lib/gcc/arm-none-eabi/14.2.1/../../../../arm-none-eabi/lib/:/opt/arm-gnu-toolchain/14.2.rel1/bin/../arm-none-eabi/lib/
COLLECT_GCC_OPTIONS='-mcpu=cortex-m3' '-Wall' '-Wextra' '-Wpedantic' '-fdata-sections' '-ffunction-sections' '-fno-rtti' '-fno-exceptions' '-fno-threadsafe-statics' '-v' '-o' 'CMakeFiles/cmTC_81148.dir/CMakeCXXCompilerABI.cpp.obj' '-c' '-mfloat-abi=soft' '-mthumb' '-mlibarch=armv7-m' '-march=armv7-m' '-dumpdir' 'CMakeFiles/cmTC_81148.dir/CMakeCXXCompilerABI.cpp.'
[2/2] Linking CXX static library libcmTC_81148.a



Parsed CXX implicit include dir info from above output: rv=done
  found start of include info
  found start of implicit include info
    add: [/opt/arm-gnu-toolchain/14.2.rel1/bin/../lib/gcc/arm-none-eabi/14.2.1/../../../../arm-none-eabi/include/c++/14.2.1]
    add: [/opt/arm-gnu-toolchain/14.2.rel1/bin/../lib/gcc/arm-none-eabi/14.2.1/../../../../arm-none-eabi/include/c++/14.2.1/arm-none-eabi/thumb/v7-m/nofp]
    add: [/opt/arm-gnu-toolchain/14.2.rel1/bin/../lib/gcc/arm-none-eabi/14.2.1/../../../../arm-none-eabi/include/c++/14.2.1/backward]
    add: [/opt/arm-gnu-toolchain/14.2.rel1/bin/../lib/gcc/arm-none-eabi/14.2.1/include]
    add: [/opt/arm-gnu-toolchain/14.2.rel1/bin/../lib/gcc/arm-none-eabi/14.2.1/include-fixed]
    add: [/opt/arm-gnu-toolchain/14.2.rel1/bin/../lib/gcc/arm-none-eabi/14.2.1/../../../../arm-none-eabi/include]
  end of search list found
  collapse include dir [/opt/arm-gnu-toolchain/14.2.rel1/bin/../lib/gcc/arm-none-eabi/14.2.1/../../../../arm-none-eabi/include/c++/14.2.1] ==> [/opt/arm-gnu-toolchain/14.2.rel1/arm-none-eabi/include/c++/14.2.1]
  collapse include dir [/opt/arm-gnu-toolchain/14.2.rel1/bin/../lib/gcc/arm-none-eabi/14.2.1/../../../../arm-none-eabi/include/c++/14.2.1/arm-none-eabi/thumb/v7-m/nofp] ==> [/opt/arm-gnu-toolchain/14.2.rel1/arm-none-eabi/include/c++/14.2.1/arm-none-eabi/thumb/v7-m/nofp]
  collapse include dir [/opt/arm-gnu-toolchain/14.2.rel1/bin/../lib/gcc/arm-none-eabi/14.2.1/../../../../arm-none-eabi/include/c++/14.2.1/backward] ==> [/opt/arm-gnu-toolchain/14.2.rel1/arm-none-eabi/include/c++/14.2.1/backward]
  collapse include dir [/opt/arm-gnu-toolchain/14.2.rel1/bin/../lib/gcc/arm-none-eabi/14.2.1/include] ==> [/opt/arm-gnu-toolchain/14.2.rel1/lib/gcc/arm-none-eabi/14.2.1/include]
  collapse include dir [/opt/arm-gnu-toolchain/14.2.rel1/bin/../lib/gcc/arm-none-eabi/14.2.1/include-fixed] ==> [/opt/arm-gnu-toolchain/14.2.rel1/lib/gcc/arm-none-eabi/14.2.1/include-fixed]
  collapse include dir [/opt/arm-gnu-toolchain/14.2.rel1/bin/../lib/gcc/arm-none-eabi/14.2.1/../../../../arm-none-eabi/include] ==> [/opt/arm-gnu-toolchain/14.2.rel1/arm-none-eabi/include]
  implicit include dirs: [/opt/arm-gnu-toolchain/14.2.rel1/arm-none-eabi/include/c++/14.2.1;/opt/arm-gnu-toolchain/14.2.rel1/arm-none-eabi/include/c++/14.2.1/arm-none-eabi/thumb/v7-m/nofp;/opt/arm-gnu-toolchain/14.2.rel1/arm-none-eabi/include/c++/14.2.1/backward;/opt/arm-gnu-toolchain/14.2.rel1/lib/gcc/arm-none-eabi/14.2.1/include;/opt/arm-gnu-toolchain/14.2.rel1/lib/gcc/arm-none-eabi/14.2.1/include-fixed;/opt/arm-gnu-toolchain/14.2.rel1/arm-none-eabi/include]


Parsed CXX implicit link information from above output:
  link line regex: [^( *|.*[/\])(arm-none-eabi-g\+\+|CMAKE_LINK_STARTFILE-NOTFOUND|([^/\]+-)?ld|collect2)[^/\]*( |$)]
  ignore line: [Change Dir: /home/tngduy/Pictures/Project_Nhung/build/CMakeFiles/CMakeTmp]
  ignore line: []
  ignore line: [Run Build Command(s):/usr/bin/ninja cmTC_81148 && [1/2] Building CXX object CMakeFiles/cmTC_81148.dir/CMakeCXXCompilerABI.cpp.obj]
  ignore line: [Using built-in specs.]
  ignore line: [COLLECT_GCC=/opt/arm-gnu-toolchain/14.2.rel1/bin/arm-none-eabi-g++]
  ignore line: [Target: arm-none-eabi]
  ignore line: [Configured with: /data/jenkins/workspace/GNU-toolchain/arm-14/src/gcc/configure --target=arm-none-eabi --prefix=/data/jenkins/workspace/GNU-toolchain/arm-14/build-arm-none-eabi/install --with-gmp=/data/jenkins/workspace/GNU-toolchain/arm-14/build-arm-none-eabi/host-tools --with-mpfr=/data/jenkins/workspace/GNU-toolchain/arm-14/build-arm-none-eabi/host-tools --with-mpc=/data/jenkins/workspace/GNU-toolchain/arm-14/build-arm-none-eabi/host-tools --with-isl=/data/jenkins/workspace/GNU-toolchain/arm-14/build-arm-none-eabi/host-tools --disable-shared --disable-nls --disable-threads --disable-tls --enable-checking=release --enable-languages=c,c++,fortran --with-newlib --with-gnu-as --with-headers=yes --with-gnu-ld --with-native-system-header-dir=/include --with-sysroot=/data/jenkins/workspace/GNU-toolchain/arm-14/build-arm-none-eabi/install/arm-none-eabi --with-bugurl=https://bugs.linaro.org/ --with-multilib-list=aprofile,rmprofile --with-pkgversion='Arm GNU Toolchain 14.2.Rel1 (Build arm-14.52)']
  ignore line: [Thread model: single]
  ignore line: [Supported LTO compression algorithms: zlib zstd]
  ignore line: [gcc version 14.2.1 20241119 (Arm GNU Toolchain 14.2.Rel1 (Build arm-14.52)) ]
  ignore line: [COLLECT_GCC_OPTIONS='-mcpu=cortex-m3' '-Wall' '-Wextra' '-Wpedantic' '-fdata-sections' '-ffunction-sections' '-fno-rtti' '-fno-exceptions' '-fno-threadsafe-statics' '-v' '-o' 'CMakeFiles/cmTC_81148.dir/CMakeCXXCompilerABI.cpp.obj' '-c' '-mfloat-abi=soft' '-mthumb' '-mlibarch=armv7-m' '-march=armv7-m' '-dumpdir' 'CMakeFiles/cmTC_81148.dir/']
  ignore line: [ /opt/arm-gnu-toolchain/14.2.rel1/bin/../libexec/gcc/arm-none-eabi/14.2.1/cc1plus -quiet -v -imultilib thumb/v7-m/nofp -iprefix /opt/arm-gnu-toolchain/14.2.rel1/bin/../lib/gcc/arm-none-eabi/14.2.1/ -isysroot /opt/arm-gnu-toolchain/14.2.rel1/bin/../arm-none-eabi -D__USES_INITFINI__ /usr/share/cmake-3.22/Modules/CMakeCXXCompilerABI.cpp -quiet -dumpdir CMakeFiles/cmTC_81148.dir/ -dumpbase CMakeCXXCompilerABI.cpp.cpp -dumpbase-ext .cpp -mcpu=cortex-m3 -mfloat-abi=soft -mthumb -mlibarch=armv7-m -march=armv7-m -Wall -Wextra -Wpedantic -version -fdata-sections -ffunction-sections -fno-rtti -fno-exceptions -fno-threadsafe-statics -o /tmp/ccj0HrLj.s]
  ignore line: [GNU C++17 (Arm GNU Toolchain 14.2.Rel1 (Build arm-14.52)) version 14.2.1 20241119 (arm-none-eabi)]
  ignore line: [	compiled by GNU C version 9.2.1 20191120 (Red Hat 9.2.1-2)  GMP version 6.2.1  MPFR version 3.1.6  MPC version 1.0.3  isl version isl-0.15-1-g835ea3a-GMP]
  ignore line: []
  ignore line: [GGC heuristics: --param ggc-min-expand=100 --param ggc-min-heapsize=131072]
  ignore line: [ignoring duplicate directory "/opt/arm-gnu-toolchain/14.2.rel1/bin/../lib/gcc/../../lib/gcc/arm-none-eabi/14.2.1/../../../../arm-none-eabi/include/c++/14.2.1"]
  ignore line: [ignoring duplicate directory "/opt/arm-gnu-toolchain/14.2.rel1/bin/../lib/gcc/../../lib/gcc/arm-none-eabi/14.2.1/../../../../arm-none-eabi/include/c++/14.2.1/arm-none-eabi/thumb/v7-m/nofp"]
  ignore line: [ignoring duplicate directory "/opt/arm-gnu-toolchain/14.2.rel1/bin/../lib/gcc/../../lib/gcc/arm-none-eabi/14.2.1/../../../../arm-none-eabi/include/c++/14.2.1/backward"]
  ignore line: [ignoring duplicate directory "/opt/arm-gnu-toolchain/14.2.rel1/bin/../lib/gcc/../../lib/gcc/arm-none-eabi/14.2.1/include"]
  ignore line: [ignoring nonexistent directory "/opt/arm-gnu-toolchain/14.2.rel1/bin/../arm-none-eabi/usr/local/include"]
  ignore line: [ignoring duplicate directory "/opt/arm-gnu-toolchain/14.2.rel1/bin/../lib/gcc/../../lib/gcc/arm-none-eabi/14.2.1/include-fixed"]
  ignore line: [ignoring duplicate directory "/opt/arm-gnu-toolchain/14.2.rel1/bin/../lib/gcc/../../lib/gcc/arm-none-eabi/14.2.1/../../../../arm-none-eabi/include"]
  ignore line: [ignoring duplicate directory "/opt/arm-gnu-toolchain/14.2.rel1/bin/../arm-none-eabi/include"]
  ignore line: [#include "..." search starts here:]
  ignore line: [#include <...> search starts here:]
  ignore line: [ /opt/arm-gnu-toolchain/14.2.rel1/bin/../lib/gcc/arm-none-eabi/14.2.1/../../../../arm-none-eabi/include/c++/14.2.1]
  ignore line: [ /opt/arm-gnu-toolchain/14.2.rel1/bin/../lib/gcc/arm-none-eabi/14.2.1/../../../../arm-none-eabi/include/c++/14.2.1/arm-none-eabi/thumb/v7-m/nofp]
  ignore line: [ /opt/arm-gnu-toolchain/14.2.rel1/bin/../lib/gcc/arm-none-eabi/14.2.1/../../../../arm-none-eabi/include/c++/14.2.1/backward]
  ignore line: [ /opt/arm-gnu-toolchain/14.2.rel1/bin/../lib/gcc/arm-none-eabi/14.2.1/include]
  ignore line: [ /opt/arm-gnu-toolchain/14.2.rel1/bin/../lib/gcc/arm-none-eabi/14.2.1/include-fixed]
  ignore line: [ /opt/arm-gnu-toolchain/14.2.rel1/bin/../lib/gcc/arm-none-eabi/14.2.1/../../../../arm-none-eabi/include]
  ignore line: [End of search list.]
  ignore line: [Compiler executable checksum: 761a3593099dc796ffc611563edb6c2e]
  ignore line: [COLLECT_GCC_OPTIONS='-mcpu=cortex-m3' '-Wall' '-Wextra' '-Wpedantic' '-fdata-sections' '-ffunction-sections' '-fno-rtti' '-fno-exceptions' '-fno-threadsafe-statics' '-v' '-o' 'CMakeFiles/cmTC_81148.dir/CMakeCXXCompilerABI.cpp.obj' '-c' '-mfloat-abi=soft' '-mthumb' '-mlibarch=armv7-m' '-march=armv7-m' '-dumpdir' 'CMakeFiles/cmTC_81148.dir/']
  ignore line: [ /opt/arm-gnu-toolchain/14.2.rel1/bin/../lib/gcc/arm-none-eabi/14.2.1/../../../../arm-none-eabi/bin/as -v -march=armv7-m -mfloat-abi=soft -meabi=5 -o CMakeFiles/cmTC_81148.dir/CMakeCXXCompilerABI.cpp.obj /tmp/ccj0HrLj.s]
  ignore line: [GNU assembler version 2.43.1 (arm-none-eabi) using BFD version (Arm GNU Toolchain 14.2.Rel1 (Build arm-14.52)) 2.43.1.20241119]
  ignore line: [COMPILER_PATH=/opt/arm-gnu-toolchain/14.2.rel1/bin/../libexec/gcc/arm-none-eabi/14.2.1/:/opt/arm-gnu-toolchain/14.2.rel1/bin/../libexec/gcc/:/opt/arm-gnu-toolchain/14.2.rel1/bin/../lib/gcc/arm-none-eabi/14.2.1/../../../../arm-none-eabi/bin/]
  ignore line: [LIBRARY_PATH=/opt/arm-gnu-toolchain/14.2.rel1/bin/../lib/gcc/arm-none-eabi/14.2.1/thumb/v7-m/nofp/:/opt/arm-gnu-toolchain/14.2.rel1/bin/../lib/gcc/arm-none-eabi/14.2.1/../../../../arm-none-eabi/lib/thumb/v7-m/nofp/:/opt/arm-gnu-toolchain/14.2.rel1/bin/../arm-none-eabi/lib/thumb/v7-m/nofp/:/opt/arm-gnu-toolchain/14.2.rel1/bin/../lib/gcc/arm-none-eabi/14.2.1/:/opt/arm-gnu-toolchain/14.2.rel1/bin/../lib/gcc/:/opt/arm-gnu-toolchain/14.2.rel1/bin/../lib/gcc/arm-none-eabi/14.2.1/../../../../arm-none-eabi/lib/:/opt/arm-gnu-toolchain/14.2.rel1/bin/../arm-none-eabi/lib/]
  ignore line: [COLLECT_GCC_OPTIONS='-mcpu=cortex-m3' '-Wall' '-Wextra' '-Wpedantic' '-fdata-sections' '-ffunction-sections' '-fno-rtti' '-fno-exceptions' '-fno-threadsafe-statics' '-v' '-o' 'CMakeFiles/cmTC_81148.dir/CMakeCXXCompilerABI.cpp.obj' '-c' '-mfloat-abi=soft' '-mthumb' '-mlibarch=armv7-m' '-march=armv7-m' '-dumpdir' 'CMakeFiles/cmTC_81148.dir/CMakeCXXCompilerABI.cpp.']
  ignore line: [[2/2] Linking CXX static library libcmTC_81148.a]
  ignore line: []
  ignore line: []
  implicit libs: []
  implicit objs: []
  implicit dirs: []
  implicit fwks: []


Checking whether the ASM compiler is GNU using "--version" matched "(GNU assembler)|(GCC)|(Free Software Foundation)":
arm-none-eabi-gcc (Arm GNU Toolchain 14.2.Rel1 (Build arm-14.52)) 14.2.1 20241119
Copyright (C) 2024 Free Software Foundation, Inc.
This is free software; see the source for copying conditions.  There is NO
warranty; not even for MERCHANTABILITY or FITNESS FOR A PARTICULAR PURPOSE.

